<?xml version="1.0" encoding="UTF-8"?>
<coverage generated="1786025681022" clover="3.2.0">
  <project timestamp="1786025681022" name="All files">
    <metrics statements="177" coveredstatements="99" conditionals="105" coveredconditionals="31" methods="30" coveredmethods="21" elements="312" coveredelements="151" complexity="0" loc="177" ncloc="177" packages="1" files="4" classes="4"/>
    <file name="ImportExcelService.ts" path="C:\Users\abrah\OneDrive\Documentos\GitHub\RIOJAMAP\server\src\services\import\ImportExcelService.ts">
      <metrics statements="106" coveredstatements="53" conditionals="80" coveredconditionals="19" methods="11" coveredmethods="8"/>
      <line num="28" count="1" type="stmt"/>
      <line num="37" count="1" type="stmt"/>
      <line num="51" count="1" type="stmt"/>
      <line num="54" count="1" type="stmt"/>
      <line num="56" count="1" type="stmt"/>
      <line num="58" count="3" type="stmt"/>
      <line num="59" count="3" type="stmt"/>
      <line num="60" count="3" type="stmt"/>
      <line num="61" count="3" type="stmt"/>
      <line num="62" count="3" type="stmt"/>
      <line num="79" count="3" type="stmt"/>
      <line num="81" count="3" type="stmt"/>
      <line num="83" count="3" type="stmt"/>
      <line num="84" count="3" type="cond" truecount="0" falsecount="1"/>
      <line num="87" count="3" type="stmt"/>
      <line num="88" count="3" type="stmt"/>
      <line num="90" count="3" type="stmt"/>
      <line num="91" count="4" type="cond" truecount="1" falsecount="0"/>
      <line num="94" count="3" type="stmt"/>
      <line num="95" count="19" type="cond" truecount="3" falsecount="0"/>
      <line num="97" count="3" type="cond" truecount="1" falsecount="0"/>
      <line num="98" count="3" type="stmt"/>
      <line num="100" count="3" type="stmt"/>
      <line num="101" count="19" type="cond" truecount="0" falsecount="1"/>
      <line num="102" count="19" type="stmt"/>
      <line num="103" count="19" type="cond" truecount="1" falsecount="0"/>
      <line num="104" count="16" type="stmt"/>
      <line num="110" count="3" type="cond" truecount="0" falsecount="1"/>
      <line num="113" count="3" type="stmt"/>
      <line num="115" count="3" type="stmt"/>
      <line num="116" count="4" type="cond" truecount="1" falsecount="0"/>
      <line num="118" count="1" type="stmt"/>
      <line num="120" count="1" type="stmt"/>
      <line num="121" count="16" type="stmt"/>
      <line num="122" count="16" type="cond" truecount="1" falsecount="1"/>
      <line num="126" count="1" type="stmt"/>
      <line num="127" count="3" type="cond" truecount="2" falsecount="1"/>
      <line num="128" count="3" type="stmt"/>
      <line num="129" count="3" type="cond" truecount="1" falsecount="1"/>
      <line num="133" count="1" type="stmt"/>
      <line num="134" count="1" type="stmt"/>
      <line num="135" count="8" type="stmt"/>
      <line num="138" count="1" type="stmt"/>
      <line num="139" count="1" type="stmt"/>
      <line num="140" count="1" type="stmt"/>
      <line num="141" count="1" type="stmt"/>
      <line num="142" count="1" type="stmt"/>
      <line num="145" count="1" type="cond" truecount="1" falsecount="2"/>
      <line num="148" count="1" type="cond" truecount="1" falsecount="0"/>
      <line num="149" count="1" type="cond" truecount="1" falsecount="1"/>
      <line num="150" count="1" type="cond" truecount="1" falsecount="0"/>
      <line num="153" count="1" type="stmt"/>
      <line num="166" count="3" type="stmt"/>
      <line num="187" count="0" type="stmt"/>
      <line num="189" count="0" type="stmt"/>
      <line num="204" count="0" type="stmt"/>
      <line num="205" count="0" type="stmt"/>
      <line num="207" count="0" type="stmt"/>
      <line num="208" count="0" type="stmt"/>
      <line num="212" count="0" type="stmt"/>
      <line num="227" count="0" type="stmt"/>
      <line num="230" count="0" type="stmt"/>
      <line num="231" count="0" type="stmt"/>
      <line num="233" count="0" type="cond" truecount="0" falsecount="5"/>
      <line num="236" count="0" type="cond" truecount="0" falsecount="4"/>
      <line num="238" count="0" type="stmt"/>
      <line num="243" count="0" type="stmt"/>
      <line num="252" count="0" type="stmt"/>
      <line num="253" count="0" type="stmt"/>
      <line num="255" count="0" type="cond" truecount="0" falsecount="4"/>
      <line num="257" count="0" type="cond" truecount="0" falsecount="2"/>
      <line num="258" count="0" type="stmt"/>
      <line num="265" count="0" type="cond" truecount="0" falsecount="2"/>
      <line num="266" count="0" type="stmt"/>
      <line num="267" count="0" type="stmt"/>
      <line num="271" count="0" type="stmt"/>
      <line num="276" count="0" type="stmt"/>
      <line num="282" count="0" type="stmt"/>
      <line num="291" count="0" type="stmt"/>
      <line num="292" count="0" type="stmt"/>
      <line num="295" count="0" type="stmt"/>
      <line num="300" count="0" type="cond" truecount="0" falsecount="3"/>
      <line num="301" count="0" type="cond" truecount="0" falsecount="2"/>
      <line num="302" count="0" type="cond" truecount="0" falsecount="2"/>
      <line num="304" count="0" type="stmt"/>
      <line num="311" count="0" type="cond" truecount="0" falsecount="2"/>
      <line num="312" count="0" type="stmt"/>
      <line num="313" count="0" type="stmt"/>
      <line num="317" count="0" type="stmt"/>
      <line num="322" count="0" type="stmt"/>
      <line num="328" count="0" type="stmt"/>
      <line num="337" count="0" type="stmt"/>
      <line num="338" count="0" type="stmt"/>
      <line num="341" count="0" type="stmt"/>
      <line num="346" count="0" type="stmt"/>
      <line num="347" count="0" type="stmt"/>
      <line num="348" count="0" type="stmt"/>
      <line num="351" count="0" type="stmt"/>
      <line num="357" count="0" type="stmt"/>
      <line num="358" count="0" type="stmt"/>
      <line num="359" count="0" type="stmt"/>
      <line num="364" count="0" type="stmt"/>
      <line num="382" count="0" type="cond" truecount="0" falsecount="4"/>
      <line num="383" count="0" type="stmt"/>
      <line num="386" count="0" type="stmt"/>
      <line num="407" count="0" type="stmt"/>
    </file>
    <file name="MatchingService.ts" path="C:\Users\abrah\OneDrive\Documentos\GitHub\RIOJAMAP\server\src\services\import\MatchingService.ts">
      <metrics statements="44" coveredstatements="34" conditionals="15" coveredconditionals="6" methods="11" coveredmethods="9"/>
      <line num="33" count="1" type="stmt"/>
      <line num="42" count="1" type="stmt"/>
      <line num="44" count="6" type="stmt"/>
      <line num="45" count="6" type="stmt"/>
      <line num="54" count="0" type="cond" truecount="0" falsecount="3"/>
      <line num="55" count="0" type="stmt"/>
      <line num="56" count="0" type="cond" truecount="0" falsecount="1"/>
      <line num="60" count="0" type="cond" truecount="0" falsecount="3"/>
      <line num="61" count="0" type="stmt"/>
      <line num="64" count="0" type="stmt"/>
      <line num="75" count="3" type="stmt"/>
      <line num="80" count="3" type="cond" truecount="1" falsecount="0"/>
      <line num="81" count="1" type="stmt"/>
      <line num="82" count="1" type="stmt"/>
      <line num="89" count="2" type="cond" truecount="1" falsecount="0"/>
      <line num="90" count="1" type="stmt"/>
      <line num="93" count="2" type="stmt"/>
      <line num="98" count="1" type="stmt"/>
      <line num="103" count="1" type="cond" truecount="1" falsecount="0"/>
      <line num="104" count="1" type="stmt"/>
      <line num="105" count="1" type="stmt"/>
      <line num="112" count="0" type="cond" truecount="0" falsecount="1"/>
      <line num="113" count="0" type="stmt"/>
      <line num="116" count="0" type="stmt"/>
      <line num="121" count="0" type="stmt"/>
      <line num="132" count="4" type="stmt"/>
      <line num="134" count="4" type="stmt"/>
      <line num="136" count="26" type="stmt"/>
      <line num="145" count="26" type="stmt"/>
      <line num="146" count="4" type="stmt"/>
      <line num="150" count="4" type="stmt"/>
      <line num="159" count="3" type="stmt"/>
      <line num="162" count="24" type="stmt"/>
      <line num="166" count="24" type="stmt"/>
      <line num="167" count="4" type="cond" truecount="1" falsecount="1"/>
      <line num="168" count="3" type="stmt"/>
      <line num="172" count="3" type="stmt"/>
      <line num="174" count="3" type="cond" truecount="1" falsecount="0"/>
      <line num="175" count="1" type="stmt"/>
      <line num="176" count="1" type="stmt"/>
      <line num="184" count="2" type="cond" truecount="1" falsecount="0"/>
      <line num="185" count="1" type="stmt"/>
      <line num="188" count="2" type="stmt"/>
      <line num="192" count="1" type="stmt"/>
    </file>
    <file name="NameNormalizationService.ts" path="C:\Users\abrah\OneDrive\Documentos\GitHub\RIOJAMAP\server\src\services\import\NameNormalizationService.ts">
      <metrics statements="5" coveredstatements="5" conditionals="4" coveredconditionals="3" methods="2" coveredmethods="2"/>
      <line num="19" count="2" type="stmt"/>
      <line num="25" count="5" type="cond" truecount="0" falsecount="1"/>
      <line num="27" count="5" type="stmt"/>
      <line num="51" count="4" type="cond" truecount="3" falsecount="0"/>
      <line num="52" count="2" type="stmt"/>
    </file>
    <file name="VersioningService.ts" path="C:\Users\abrah\OneDrive\Documentos\GitHub\RIOJAMAP\server\src\services\import\VersioningService.ts">
      <metrics statements="22" coveredstatements="7" conditionals="6" coveredconditionals="3" methods="6" coveredmethods="2"/>
      <line num="19" count="1" type="stmt"/>
      <line num="20" count="3" type="stmt"/>
      <line num="35" count="3" type="stmt"/>
      <line num="36" count="3" type="cond" truecount="1" falsecount="0"/>
      <line num="37" count="1" type="stmt"/>
      <line num="40" count="3" type="stmt"/>
      <line num="46" count="3" type="cond" truecount="2" falsecount="0"/>
      <line num="62" count="0" type="stmt"/>
      <line num="63" count="0" type="stmt"/>
      <line num="65" count="0" type="stmt"/>
      <line num="66" count="0" type="stmt"/>
      <line num="68" count="0" type="stmt"/>
      <line num="72" count="0" type="cond" truecount="0" falsecount="1"/>
      <line num="73" count="0" type="stmt"/>
      <line num="76" count="0" type="stmt"/>
      <line num="77" count="0" type="stmt"/>
      <line num="97" count="0" type="stmt"/>
      <line num="105" count="0" type="stmt"/>
      <line num="124" count="0" type="stmt"/>
      <line num="126" count="0" type="stmt"/>
      <line num="140" count="0" type="stmt"/>
      <line num="157" count="0" type="stmt"/>
    </file>
  </project>
</coverage>
