{"C:\\Users\\abrah\\OneDrive\\Documentos\\GitHub\\RIOJAMAP\\server\\src\\services\\import\\ImportExcelService.ts": {"path":"C:\\Users\\abrah\\OneDrive\\Documentos\\GitHub\\RIOJAMAP\\server\\src\\services\\import\\ImportExcelService.ts","statementMap":{"0":{"start":{"line":28,"column":0},"end":{"line":28,"column":30}},"1":{"start":{"line":37,"column":22},"end":{"line":46,"column":11}},"2":{"start":{"line":51,"column":25},"end":{"line":51,"column":26}},"3":{"start":{"line":54,"column":19},"end":{"line":54,"column":22}},"4":{"start":{"line":58,"column":21},"end":{"line":58,"column":41}},"5":{"start":{"line":59,"column":21},"end":{"line":59,"column":53}},"6":{"start":{"line":60,"column":21},"end":{"line":60,"column":57}},"7":{"start":{"line":61,"column":21},"end":{"line":61,"column":63}},"8":{"start":{"line":62,"column":21},"end":{"line":62,"column":58}},"9":{"start":{"line":79,"column":21},"end":{"line":79,"column":43}},"10":{"start":{"line":81,"column":4},"end":{"line":81,"column":44}},"11":{"start":{"line":83,"column":22},"end":{"line":83,"column":44}},"12":{"start":{"line":84,"column":4},"end":{"line":84,"column":30}},"13":{"start":{"line":84,"column":20},"end":{"line":84,"column":30}},"14":{"start":{"line":87,"column":26},"end":{"line":87,"column":28}},"15":{"start":{"line":88,"column":60},"end":{"line":88,"column":62}},"16":{"start":{"line":90,"column":4},"end":{"line":108,"column":7}},"17":{"start":{"line":91,"column":6},"end":{"line":91,"column":41}},"18":{"start":{"line":91,"column":34},"end":{"line":91,"column":41}},"19":{"start":{"line":94,"column":21},"end":{"line":94,"column":68}},"20":{"start":{"line":95,"column":23},"end":{"line":95,"column":84}},"21":{"start":{"line":95,"column":42},"end":{"line":95,"column":83}},"22":{"start":{"line":97,"column":6},"end":{"line":107,"column":7}},"23":{"start":{"line":98,"column":8},"end":{"line":98,"column":36}},"24":{"start":{"line":100,"column":8},"end":{"line":106,"column":11}},"25":{"start":{"line":101,"column":10},"end":{"line":101,"column":33}},"26":{"start":{"line":101,"column":26},"end":{"line":101,"column":33}},"27":{"start":{"line":102,"column":29},"end":{"line":102,"column":82}},"28":{"start":{"line":103,"column":10},"end":{"line":105,"column":11}},"29":{"start":{"line":104,"column":12},"end":{"line":104,"column":45}},"30":{"start":{"line":110,"column":4},"end":{"line":110,"column":42}},"31":{"start":{"line":110,"column":32},"end":{"line":110,"column":42}},"32":{"start":{"line":113,"column":30},"end":{"line":113,"column":32}},"33":{"start":{"line":115,"column":4},"end":{"line":164,"column":7}},"34":{"start":{"line":116,"column":6},"end":{"line":116,"column":47}},"35":{"start":{"line":116,"column":40},"end":{"line":116,"column":47}},"36":{"start":{"line":118,"column":18},"end":{"line":118,"column":65}},"37":{"start":{"line":120,"column":18},"end":{"line":123,"column":7}},"38":{"start":{"line":121,"column":20},"end":{"line":121,"column":34}},"39":{"start":{"line":122,"column":8},"end":{"line":122,"column":56}},"40":{"start":{"line":126,"column":23},"end":{"line":130,"column":7}},"41":{"start":{"line":127,"column":8},"end":{"line":127,"column":56}},"42":{"start":{"line":127,"column":47},"end":{"line":127,"column":56}},"43":{"start":{"line":128,"column":18},"end":{"line":128,"column":29}},"44":{"start":{"line":129,"column":8},"end":{"line":129,"column":32}},"45":{"start":{"line":133,"column":49},"end":{"line":133,"column":51}},"46":{"start":{"line":134,"column":6},"end":{"line":136,"column":7}},"47":{"start":{"line":135,"column":8},"end":{"line":135,"column":34}},"48":{"start":{"line":138,"column":25},"end":{"line":138,"column":42}},"49":{"start":{"line":139,"column":25},"end":{"line":139,"column":38}},"50":{"start":{"line":140,"column":25},"end":{"line":140,"column":41}},"51":{"start":{"line":141,"column":25},"end":{"line":141,"column":39}},"52":{"start":{"line":142,"column":25},"end":{"line":142,"column":37}},"53":{"start":{"line":145,"column":6},"end":{"line":145,"column":41}},"54":{"start":{"line":145,"column":34},"end":{"line":145,"column":41}},"55":{"start":{"line":148,"column":6},"end":{"line":151,"column":7}},"56":{"start":{"line":149,"column":18},"end":{"line":149,"column":82}},"57":{"start":{"line":150,"column":8},"end":{"line":150,"column":43}},"58":{"start":{"line":150,"column":33},"end":{"line":150,"column":43}},"59":{"start":{"line":153,"column":6},"end":{"line":163,"column":9}},"60":{"start":{"line":166,"column":4},"end":{"line":166,"column":16}},"61":{"start":{"line":187,"column":17},"end":{"line":187,"column":45}},"62":{"start":{"line":189,"column":33},"end":{"line":201,"column":6}},"63":{"start":{"line":204,"column":4},"end":{"line":210,"column":5}},"64":{"start":{"line":204,"column":26},"end":{"line":204,"column":27}},"65":{"start":{"line":205,"column":20},"end":{"line":205,"column":67}},"66":{"start":{"line":207,"column":6},"end":{"line":209,"column":7}},"67":{"start":{"line":208,"column":8},"end":{"line":208,"column":72}},"68":{"start":{"line":212,"column":4},"end":{"line":212,"column":18}},"69":{"start":{"line":227,"column":51},"end":{"line":227,"column":55}},"70":{"start":{"line":230,"column":4},"end":{"line":399,"column":5}},"71":{"start":{"line":231,"column":20},"end":{"line":231,"column":57}},"72":{"start":{"line":233,"column":6},"end":{"line":361,"column":7}},"73":{"start":{"line":236,"column":10},"end":{"line":294,"column":11}},"74":{"start":{"line":238,"column":36},"end":{"line":241,"column":null}},"75":{"start":{"line":243,"column":12},"end":{"line":251,"column":14}},"76":{"start":{"line":252,"column":12},"end":{"line":252,"column":51}},"77":{"start":{"line":253,"column":12},"end":{"line":253,"column":52}},"78":{"start":{"line":255,"column":17},"end":{"line":294,"column":11}},"79":{"start":{"line":257,"column":29},"end":{"line":257,"column":81}},"80":{"start":{"line":258,"column":26},"end":{"line":262,"column":null}},"81":{"start":{"line":265,"column":12},"end":{"line":293,"column":13}},"82":{"start":{"line":266,"column":14},"end":{"line":266,"column":71}},"83":{"start":{"line":267,"column":14},"end":{"line":269,"column":16}},"84":{"start":{"line":271,"column":36},"end":{"line":274,"column":null}},"85":{"start":{"line":276,"column":38},"end":{"line":280,"column":null}},"86":{"start":{"line":282,"column":14},"end":{"line":290,"column":16}},"87":{"start":{"line":291,"column":14},"end":{"line":291,"column":53}},"88":{"start":{"line":292,"column":14},"end":{"line":292,"column":54}},"89":{"start":{"line":295,"column":10},"end":{"line":295,"column":16}},"90":{"start":{"line":300,"column":10},"end":{"line":340,"column":11}},"91":{"start":{"line":301,"column":29},"end":{"line":301,"column":81}},"92":{"start":{"line":302,"column":31},"end":{"line":302,"column":69}},"93":{"start":{"line":304,"column":26},"end":{"line":308,"column":null}},"94":{"start":{"line":311,"column":12},"end":{"line":339,"column":13}},"95":{"start":{"line":312,"column":14},"end":{"line":312,"column":71}},"96":{"start":{"line":313,"column":14},"end":{"line":315,"column":16}},"97":{"start":{"line":317,"column":36},"end":{"line":320,"column":null}},"98":{"start":{"line":322,"column":38},"end":{"line":326,"column":null}},"99":{"start":{"line":328,"column":14},"end":{"line":336,"column":16}},"100":{"start":{"line":337,"column":14},"end":{"line":337,"column":47}},"101":{"start":{"line":338,"column":14},"end":{"line":338,"column":54}},"102":{"start":{"line":341,"column":10},"end":{"line":341,"column":16}},"103":{"start":{"line":346,"column":10},"end":{"line":346,"column":57}},"104":{"start":{"line":347,"column":10},"end":{"line":347,"column":37}},"105":{"start":{"line":348,"column":10},"end":{"line":350,"column":12}},"106":{"start":{"line":351,"column":10},"end":{"line":351,"column":16}},"107":{"start":{"line":357,"column":10},"end":{"line":357,"column":56}},"108":{"start":{"line":358,"column":10},"end":{"line":358,"column":37}},"109":{"start":{"line":359,"column":10},"end":{"line":359,"column":16}},"110":{"start":{"line":364,"column":6},"end":{"line":379,"column":9}},"111":{"start":{"line":382,"column":18},"end":{"line":382,"column":122}},"112":{"start":{"line":383,"column":6},"end":{"line":383,"column":30}},"113":{"start":{"line":386,"column":6},"end":{"line":398,"column":9}},"114":{"start":{"line":407,"column":4},"end":{"line":415,"column":6}},"115":{"start":{"line":56,"column":0},"end":{"line":56,"column":13}}},"fnMap":{"0":{"name":"(anonymous_1)","decl":{"start":{"line":57,"column":2},"end":{"line":57,"column":null}},"loc":{"start":{"line":62,"column":58},"end":{"line":63,"column":6}}},"1":{"name":"(anonymous_2)","decl":{"start":{"line":78,"column":2},"end":{"line":78,"column":7}},"loc":{"start":{"line":78,"column":32},"end":{"line":167,"column":3}}},"2":{"name":"(anonymous_3)","decl":{"start":{"line":90,"column":47},"end":{"line":90,"column":48}},"loc":{"start":{"line":90,"column":66},"end":{"line":108,"column":5}}},"3":{"name":"(anonymous_4)","decl":{"start":{"line":95,"column":37},"end":{"line":95,"column":38}},"loc":{"start":{"line":95,"column":42},"end":{"line":95,"column":83}}},"4":{"name":"(anonymous_5)","decl":{"start":{"line":100,"column":23},"end":{"line":100,"column":24}},"loc":{"start":{"line":100,"column":47},"end":{"line":106,"column":9}}},"5":{"name":"(anonymous_6)","decl":{"start":{"line":115,"column":47},"end":{"line":115,"column":48}},"loc":{"start":{"line":115,"column":66},"end":{"line":164,"column":5}}},"6":{"name":"(anonymous_7)","decl":{"start":{"line":120,"column":18},"end":{"line":120,"column":19}},"loc":{"start":{"line":120,"column":70},"end":{"line":123,"column":7}}},"7":{"name":"(anonymous_8)","decl":{"start":{"line":126,"column":23},"end":{"line":126,"column":24}},"loc":{"start":{"line":126,"column":70},"end":{"line":130,"column":7}}},"8":{"name":"(anonymous_9)","decl":{"start":{"line":182,"column":2},"end":{"line":182,"column":7}},"loc":{"start":{"line":185,"column":26},"end":{"line":213,"column":3}}},"9":{"name":"(anonymous_10)","decl":{"start":{"line":221,"column":10},"end":{"line":221,"column":15}},"loc":{"start":{"line":225,"column":24},"end":{"line":400,"column":3}}},"10":{"name":"(anonymous_11)","decl":{"start":{"line":406,"column":10},"end":{"line":406,"column":20}},"loc":{"start":{"line":406,"column":35},"end":{"line":416,"column":3}}}},"branchMap":{"0":{"loc":{"start":{"line":84,"column":4},"end":{"line":84,"column":30}},"type":"if","locations":[{"start":{"line":84,"column":4},"end":{"line":84,"column":30}}]},"1":{"loc":{"start":{"line":91,"column":6},"end":{"line":91,"column":41}},"type":"if","locations":[{"start":{"line":91,"column":6},"end":{"line":91,"column":41}}]},"2":{"loc":{"start":{"line":95,"column":42},"end":{"line":95,"column":83}},"type":"binary-expr","locations":[{"start":{"line":95,"column":42},"end":{"line":95,"column":52}},{"start":{"line":95,"column":56},"end":{"line":95,"column":71}},{"start":{"line":95,"column":75},"end":{"line":95,"column":83}}]},"3":{"loc":{"start":{"line":97,"column":6},"end":{"line":107,"column":7}},"type":"if","locations":[{"start":{"line":97,"column":6},"end":{"line":107,"column":7}}]},"4":{"loc":{"start":{"line":101,"column":10},"end":{"line":101,"column":33}},"type":"if","locations":[{"start":{"line":101,"column":10},"end":{"line":101,"column":33}}]},"5":{"loc":{"start":{"line":103,"column":10},"end":{"line":105,"column":11}},"type":"if","locations":[{"start":{"line":103,"column":10},"end":{"line":105,"column":11}}]},"6":{"loc":{"start":{"line":110,"column":4},"end":{"line":110,"column":42}},"type":"if","locations":[{"start":{"line":110,"column":4},"end":{"line":110,"column":42}}]},"7":{"loc":{"start":{"line":116,"column":6},"end":{"line":116,"column":47}},"type":"if","locations":[{"start":{"line":116,"column":6},"end":{"line":116,"column":47}}]},"8":{"loc":{"start":{"line":122,"column":15},"end":{"line":122,"column":55}},"type":"cond-expr","locations":[{"start":{"line":122,"column":35},"end":{"line":122,"column":43}},{"start":{"line":122,"column":46},"end":{"line":122,"column":55}}]},"9":{"loc":{"start":{"line":127,"column":8},"end":{"line":127,"column":56}},"type":"if","locations":[{"start":{"line":127,"column":8},"end":{"line":127,"column":56}}]},"10":{"loc":{"start":{"line":127,"column":12},"end":{"line":127,"column":45}},"type":"binary-expr","locations":[{"start":{"line":127,"column":12},"end":{"line":127,"column":24}},{"start":{"line":127,"column":28},"end":{"line":127,"column":45}}]},"11":{"loc":{"start":{"line":129,"column":15},"end":{"line":129,"column":31}},"type":"cond-expr","locations":[{"start":{"line":129,"column":26},"end":{"line":129,"column":27}},{"start":{"line":129,"column":30},"end":{"line":129,"column":31}}]},"12":{"loc":{"start":{"line":145,"column":6},"end":{"line":145,"column":41}},"type":"if","locations":[{"start":{"line":145,"column":6},"end":{"line":145,"column":41}}]},"13":{"loc":{"start":{"line":145,"column":10},"end":{"line":145,"column":32}},"type":"binary-expr","locations":[{"start":{"line":145,"column":10},"end":{"line":145,"column":21}},{"start":{"line":145,"column":25},"end":{"line":145,"column":32}}]},"14":{"loc":{"start":{"line":148,"column":6},"end":{"line":151,"column":7}},"type":"if","locations":[{"start":{"line":148,"column":6},"end":{"line":151,"column":7}}]},"15":{"loc":{"start":{"line":149,"column":18},"end":{"line":149,"column":82}},"type":"cond-expr","locations":[{"start":{"line":149,"column":45},"end":{"line":149,"column":53}},{"start":{"line":149,"column":56},"end":{"line":149,"column":82}}]},"16":{"loc":{"start":{"line":150,"column":8},"end":{"line":150,"column":43}},"type":"if","locations":[{"start":{"line":150,"column":8},"end":{"line":150,"column":43}}]},"17":{"loc":{"start":{"line":154,"column":20},"end":{"line":154,"column":70}},"type":"cond-expr","locations":[{"start":{"line":154,"column":33},"end":{"line":154,"column":58}},{"start":{"line":154,"column":61},"end":{"line":154,"column":70}}]},"18":{"loc":{"start":{"line":155,"column":20},"end":{"line":155,"column":70}},"type":"cond-expr","locations":[{"start":{"line":155,"column":33},"end":{"line":155,"column":54}},{"start":{"line":155,"column":61},"end":{"line":155,"column":70}}]},"19":{"loc":{"start":{"line":156,"column":20},"end":{"line":156,"column":70}},"type":"cond-expr","locations":[{"start":{"line":156,"column":33},"end":{"line":156,"column":57}},{"start":{"line":156,"column":61},"end":{"line":156,"column":70}}]},"20":{"loc":{"start":{"line":157,"column":20},"end":{"line":157,"column":70}},"type":"cond-expr","locations":[{"start":{"line":157,"column":33},"end":{"line":157,"column":55}},{"start":{"line":157,"column":61},"end":{"line":157,"column":70}}]},"21":{"loc":{"start":{"line":233,"column":6},"end":{"line":361,"column":7}},"type":"switch","locations":[{"start":{"line":235,"column":8},"end":{"line":296,"column":9}},{"start":{"line":299,"column":8},"end":{"line":342,"column":9}},{"start":{"line":345,"column":8},"end":{"line":352,"column":9}},{"start":{"line":355,"column":8},"end":{"line":355,"column":24}},{"start":{"line":356,"column":8},"end":{"line":360,"column":9}}]},"22":{"loc":{"start":{"line":236,"column":10},"end":{"line":294,"column":11}},"type":"if","locations":[{"start":{"line":236,"column":10},"end":{"line":294,"column":11}},{"start":{"line":255,"column":17},"end":{"line":294,"column":11}}]},"23":{"loc":{"start":{"line":236,"column":14},"end":{"line":236,"column":62}},"type":"binary-expr","locations":[{"start":{"line":236,"column":14},"end":{"line":236,"column":42}},{"start":{"line":236,"column":46},"end":{"line":236,"column":62}}]},"24":{"loc":{"start":{"line":255,"column":17},"end":{"line":294,"column":11}},"type":"if","locations":[{"start":{"line":255,"column":17},"end":{"line":294,"column":11}}]},"25":{"loc":{"start":{"line":255,"column":21},"end":{"line":255,"column":90}},"type":"binary-expr","locations":[{"start":{"line":255,"column":21},"end":{"line":255,"column":49}},{"start":{"line":255,"column":53},"end":{"line":255,"column":69}},{"start":{"line":255,"column":73},"end":{"line":255,"column":90}}]},"26":{"loc":{"start":{"line":257,"column":29},"end":{"line":257,"column":81}},"type":"binary-expr","locations":[{"start":{"line":257,"column":29},"end":{"line":257,"column":73}},{"start":{"line":257,"column":77},"end":{"line":257,"column":81}}]},"27":{"loc":{"start":{"line":265,"column":12},"end":{"line":293,"column":13}},"type":"if","locations":[{"start":{"line":265,"column":12},"end":{"line":293,"column":13}},{"start":{"line":270,"column":19},"end":{"line":293,"column":13}}]},"28":{"loc":{"start":{"line":274,"column":16},"end":{"line":274,"column":37}},"type":"binary-expr","locations":[{"start":{"line":274,"column":16},"end":{"line":274,"column":24}},{"start":{"line":274,"column":28},"end":{"line":274,"column":37}}]},"29":{"loc":{"start":{"line":300,"column":10},"end":{"line":340,"column":11}},"type":"if","locations":[{"start":{"line":300,"column":10},"end":{"line":340,"column":11}}]},"30":{"loc":{"start":{"line":300,"column":14},"end":{"line":300,"column":51}},"type":"binary-expr","locations":[{"start":{"line":300,"column":14},"end":{"line":300,"column":30}},{"start":{"line":300,"column":34},"end":{"line":300,"column":51}}]},"31":{"loc":{"start":{"line":301,"column":29},"end":{"line":301,"column":81}},"type":"binary-expr","locations":[{"start":{"line":301,"column":29},"end":{"line":301,"column":73}},{"start":{"line":301,"column":77},"end":{"line":301,"column":81}}]},"32":{"loc":{"start":{"line":302,"column":31},"end":{"line":302,"column":69}},"type":"binary-expr","locations":[{"start":{"line":302,"column":31},"end":{"line":302,"column":45}},{"start":{"line":302,"column":49},"end":{"line":302,"column":69}}]},"33":{"loc":{"start":{"line":311,"column":12},"end":{"line":339,"column":13}},"type":"if","locations":[{"start":{"line":311,"column":12},"end":{"line":339,"column":13}},{"start":{"line":316,"column":19},"end":{"line":339,"column":13}}]},"34":{"loc":{"start":{"line":320,"column":16},"end":{"line":320,"column":37}},"type":"binary-expr","locations":[{"start":{"line":320,"column":16},"end":{"line":320,"column":24}},{"start":{"line":320,"column":28},"end":{"line":320,"column":37}}]},"35":{"loc":{"start":{"line":349,"column":47},"end":{"line":349,"column":75}},"type":"binary-expr","locations":[{"start":{"line":349,"column":47},"end":{"line":349,"column":61}},{"start":{"line":349,"column":65},"end":{"line":349,"column":75}}]},"36":{"loc":{"start":{"line":349,"column":81},"end":{"line":349,"column":112}},"type":"binary-expr","locations":[{"start":{"line":349,"column":81},"end":{"line":349,"column":105}},{"start":{"line":349,"column":109},"end":{"line":349,"column":112}}]},"37":{"loc":{"start":{"line":372,"column":31},"end":{"line":372,"column":69}},"type":"binary-expr","locations":[{"start":{"line":372,"column":31},"end":{"line":372,"column":56}},{"start":{"line":372,"column":60},"end":{"line":372,"column":69}}]},"38":{"loc":{"start":{"line":373,"column":31},"end":{"line":373,"column":69}},"type":"binary-expr","locations":[{"start":{"line":373,"column":31},"end":{"line":373,"column":56}},{"start":{"line":373,"column":60},"end":{"line":373,"column":69}}]},"39":{"loc":{"start":{"line":382,"column":54},"end":{"line":382,"column":74}},"type":"binary-expr","locations":[{"start":{"line":382,"column":54},"end":{"line":382,"column":68}},{"start":{"line":382,"column":72},"end":{"line":382,"column":74}}]},"40":{"loc":{"start":{"line":382,"column":87},"end":{"line":382,"column":103}},"type":"binary-expr","locations":[{"start":{"line":382,"column":87},"end":{"line":382,"column":97}},{"start":{"line":382,"column":101},"end":{"line":382,"column":103}}]},"41":{"loc":{"start":{"line":409,"column":20},"end":{"line":409,"column":40}},"type":"binary-expr","locations":[{"start":{"line":409,"column":20},"end":{"line":409,"column":30}},{"start":{"line":409,"column":36},"end":{"line":409,"column":40}}]},"42":{"loc":{"start":{"line":410,"column":20},"end":{"line":410,"column":41}},"type":"binary-expr","locations":[{"start":{"line":410,"column":20},"end":{"line":410,"column":33}},{"start":{"line":410,"column":37},"end":{"line":410,"column":41}}]},"43":{"loc":{"start":{"line":411,"column":20},"end":{"line":411,"column":40}},"type":"binary-expr","locations":[{"start":{"line":411,"column":20},"end":{"line":411,"column":31}},{"start":{"line":411,"column":36},"end":{"line":411,"column":40}}]}},"s":{"0":1,"1":1,"2":1,"3":1,"4":3,"5":3,"6":3,"7":3,"8":3,"9":3,"10":3,"11":3,"12":3,"13":0,"14":3,"15":3,"16":3,"17":4,"18":1,"19":3,"20":3,"21":19,"22":3,"23":3,"24":3,"25":19,"26":0,"27":19,"28":19,"29":16,"30":3,"31":0,"32":3,"33":3,"34":4,"35":3,"36":1,"37":1,"38":16,"39":16,"40":1,"41":3,"42":0,"43":3,"44":3,"45":1,"46":1,"47":8,"48":1,"49":1,"50":1,"51":1,"52":1,"53":1,"54":0,"55":1,"56":1,"57":1,"58":1,"59":1,"60":3,"61":0,"62":0,"63":0,"64":0,"65":0,"66":0,"67":0,"68":0,"69":0,"70":0,"71":0,"72":0,"73":0,"74":0,"75":0,"76":0,"77":0,"78":0,"79":0,"80":0,"81":0,"82":0,"83":0,"84":0,"85":0,"86":0,"87":0,"88":0,"89":0,"90":0,"91":0,"92":0,"93":0,"94":0,"95":0,"96":0,"97":0,"98":0,"99":0,"100":0,"101":0,"102":0,"103":0,"104":0,"105":0,"106":0,"107":0,"108":0,"109":0,"110":0,"111":0,"112":0,"113":0,"114":0,"115":1},"f":{"0":3,"1":3,"2":4,"3":19,"4":19,"5":4,"6":16,"7":3,"8":0,"9":0,"10":0},"b":{"0":[0],"1":[1],"2":[19,19,19],"3":[3],"4":[0],"5":[16],"6":[0],"7":[3],"8":[16,0],"9":[0],"10":[3,3],"11":[0,3],"12":[0],"13":[1,0],"14":[1],"15":[0,1],"16":[1],"17":[1,0],"18":[1,0],"19":[1,0],"20":[1,0],"21":[0,0,0,0,0],"22":[0,0],"23":[0,0],"24":[0],"25":[0,0,0],"26":[0,0],"27":[0,0],"28":[0,0],"29":[0],"30":[0,0],"31":[0,0],"32":[0,0],"33":[0,0],"34":[0,0],"35":[0,0],"36":[0,0],"37":[0,0],"38":[0,0],"39":[0,0],"40":[0,0],"41":[0,0],"42":[0,0],"43":[0,0]}}
,"C:\\Users\\abrah\\OneDrive\\Documentos\\GitHub\\RIOJAMAP\\server\\src\\services\\import\\MatchingService.ts": {"path":"C:\\Users\\abrah\\OneDrive\\Documentos\\GitHub\\RIOJAMAP\\server\\src\\services\\import\\MatchingService.ts","statementMap":{"0":{"start":{"line":33,"column":0},"end":{"line":33,"column":59}},"1":{"start":{"line":44,"column":21},"end":{"line":44,"column":41}},"2":{"start":{"line":45,"column":21},"end":{"line":45,"column":58}},"3":{"start":{"line":54,"column":4},"end":{"line":57,"column":5}},"4":{"start":{"line":55,"column":24},"end":{"line":55,"column":76}},"5":{"start":{"line":56,"column":6},"end":{"line":56,"column":47}},"6":{"start":{"line":56,"column":30},"end":{"line":56,"column":47}},"7":{"start":{"line":60,"column":4},"end":{"line":62,"column":5}},"8":{"start":{"line":61,"column":6},"end":{"line":61,"column":50}},"9":{"start":{"line":64,"column":4},"end":{"line":64,"column":38}},"10":{"start":{"line":75,"column":28},"end":{"line":77,"column":null}},"11":{"start":{"line":80,"column":4},"end":{"line":88,"column":5}},"12":{"start":{"line":81,"column":18},"end":{"line":81,"column":36}},"13":{"start":{"line":82,"column":6},"end":{"line":87,"column":8}},"14":{"start":{"line":89,"column":4},"end":{"line":95,"column":5}},"15":{"start":{"line":90,"column":6},"end":{"line":94,"column":8}},"16":{"start":{"line":93,"column":46},"end":{"line":93,"column":80}},"17":{"start":{"line":98,"column":28},"end":{"line":100,"column":null}},"18":{"start":{"line":103,"column":4},"end":{"line":111,"column":5}},"19":{"start":{"line":104,"column":18},"end":{"line":104,"column":36}},"20":{"start":{"line":105,"column":6},"end":{"line":110,"column":8}},"21":{"start":{"line":112,"column":4},"end":{"line":118,"column":5}},"22":{"start":{"line":113,"column":6},"end":{"line":117,"column":8}},"23":{"start":{"line":116,"column":46},"end":{"line":116,"column":80}},"24":{"start":{"line":121,"column":4},"end":{"line":121,"column":16}},"25":{"start":{"line":132,"column":39},"end":{"line":132,"column":41}},"26":{"start":{"line":134,"column":4},"end":{"line":148,"column":5}},"27":{"start":{"line":136,"column":8},"end":{"line":143,"column":10}},"28":{"start":{"line":145,"column":6},"end":{"line":147,"column":7}},"29":{"start":{"line":146,"column":8},"end":{"line":146,"column":44}},"30":{"start":{"line":150,"column":4},"end":{"line":150,"column":22}},"31":{"start":{"line":159,"column":28},"end":{"line":169,"column":null}},"32":{"start":{"line":162,"column":10},"end":{"line":164,"column":12}},"33":{"start":{"line":166,"column":8},"end":{"line":168,"column":44}},"34":{"start":{"line":167,"column":25},"end":{"line":167,"column":77}},"35":{"start":{"line":168,"column":23},"end":{"line":168,"column":41}},"36":{"start":{"line":172,"column":39},"end":{"line":172,"column":61}},"37":{"start":{"line":174,"column":4},"end":{"line":182,"column":5}},"38":{"start":{"line":175,"column":18},"end":{"line":175,"column":31}},"39":{"start":{"line":176,"column":6},"end":{"line":181,"column":8}},"40":{"start":{"line":184,"column":4},"end":{"line":190,"column":5}},"41":{"start":{"line":185,"column":6},"end":{"line":189,"column":8}},"42":{"start":{"line":188,"column":41},"end":{"line":188,"column":75}},"43":{"start":{"line":192,"column":4},"end":{"line":192,"column":38}},"44":{"start":{"line":42,"column":0},"end":{"line":42,"column":13}}},"fnMap":{"0":{"name":"(anonymous_0)","decl":{"start":{"line":43,"column":2},"end":{"line":43,"column":null}},"loc":{"start":{"line":45,"column":58},"end":{"line":46,"column":6}}},"1":{"name":"(anonymous_1)","decl":{"start":{"line":52,"column":2},"end":{"line":52,"column":7}},"loc":{"start":{"line":52,"column":28},"end":{"line":65,"column":3}}},"2":{"name":"(anonymous_2)","decl":{"start":{"line":73,"column":10},"end":{"line":73,"column":15}},"loc":{"start":{"line":73,"column":53},"end":{"line":122,"column":3}}},"3":{"name":"(anonymous_3)","decl":{"start":{"line":93,"column":40},"end":{"line":93,"column":41}},"loc":{"start":{"line":93,"column":46},"end":{"line":93,"column":80}}},"4":{"name":"(anonymous_4)","decl":{"start":{"line":116,"column":40},"end":{"line":116,"column":41}},"loc":{"start":{"line":116,"column":46},"end":{"line":116,"column":80}}},"5":{"name":"(anonymous_5)","decl":{"start":{"line":128,"column":10},"end":{"line":128,"column":15}},"loc":{"start":{"line":130,"column":22},"end":{"line":151,"column":3}}},"6":{"name":"(anonymous_6)","decl":{"start":{"line":157,"column":10},"end":{"line":157,"column":15}},"loc":{"start":{"line":157,"column":43},"end":{"line":193,"column":3}}},"7":{"name":"(anonymous_7)","decl":{"start":{"line":160,"column":49},"end":{"line":160,"column":54}},"loc":{"start":{"line":160,"column":67},"end":{"line":169,"column":7}}},"8":{"name":"(anonymous_8)","decl":{"start":{"line":167,"column":18},"end":{"line":167,"column":21}},"loc":{"start":{"line":167,"column":25},"end":{"line":167,"column":77}}},"9":{"name":"(anonymous_9)","decl":{"start":{"line":168,"column":15},"end":{"line":168,"column":18}},"loc":{"start":{"line":168,"column":23},"end":{"line":168,"column":41}}},"10":{"name":"(anonymous_10)","decl":{"start":{"line":188,"column":35},"end":{"line":188,"column":36}},"loc":{"start":{"line":188,"column":41},"end":{"line":188,"column":75}}}},"branchMap":{"0":{"loc":{"start":{"line":54,"column":4},"end":{"line":57,"column":5}},"type":"if","locations":[{"start":{"line":54,"column":4},"end":{"line":57,"column":5}}]},"1":{"loc":{"start":{"line":54,"column":8},"end":{"line":54,"column":54}},"type":"binary-expr","locations":[{"start":{"line":54,"column":8},"end":{"line":54,"column":22}},{"start":{"line":54,"column":26},"end":{"line":54,"column":54}}]},"2":{"loc":{"start":{"line":56,"column":6},"end":{"line":56,"column":47}},"type":"if","locations":[{"start":{"line":56,"column":6},"end":{"line":56,"column":47}}]},"3":{"loc":{"start":{"line":60,"column":4},"end":{"line":62,"column":5}},"type":"if","locations":[{"start":{"line":60,"column":4},"end":{"line":62,"column":5}}]},"4":{"loc":{"start":{"line":60,"column":8},"end":{"line":60,"column":46}},"type":"binary-expr","locations":[{"start":{"line":60,"column":8},"end":{"line":60,"column":18}},{"start":{"line":60,"column":22},"end":{"line":60,"column":46}}]},"5":{"loc":{"start":{"line":80,"column":4},"end":{"line":88,"column":5}},"type":"if","locations":[{"start":{"line":80,"column":4},"end":{"line":88,"column":5}}]},"6":{"loc":{"start":{"line":89,"column":4},"end":{"line":95,"column":5}},"type":"if","locations":[{"start":{"line":89,"column":4},"end":{"line":95,"column":5}}]},"7":{"loc":{"start":{"line":103,"column":4},"end":{"line":111,"column":5}},"type":"if","locations":[{"start":{"line":103,"column":4},"end":{"line":111,"column":5}}]},"8":{"loc":{"start":{"line":112,"column":4},"end":{"line":118,"column":5}},"type":"if","locations":[{"start":{"line":112,"column":4},"end":{"line":118,"column":5}}]},"9":{"loc":{"start":{"line":167,"column":58},"end":{"line":167,"column":76}},"type":"binary-expr","locations":[{"start":{"line":167,"column":58},"end":{"line":167,"column":68}},{"start":{"line":167,"column":72},"end":{"line":167,"column":76}}]},"10":{"loc":{"start":{"line":174,"column":4},"end":{"line":182,"column":5}},"type":"if","locations":[{"start":{"line":174,"column":4},"end":{"line":182,"column":5}}]},"11":{"loc":{"start":{"line":184,"column":4},"end":{"line":190,"column":5}},"type":"if","locations":[{"start":{"line":184,"column":4},"end":{"line":190,"column":5}}]}},"s":{"0":1,"1":6,"2":6,"3":0,"4":0,"5":0,"6":0,"7":0,"8":0,"9":0,"10":3,"11":3,"12":1,"13":1,"14":2,"15":1,"16":2,"17":1,"18":1,"19":1,"20":1,"21":0,"22":0,"23":0,"24":0,"25":4,"26":4,"27":26,"28":26,"29":4,"30":4,"31":3,"32":24,"33":24,"34":4,"35":3,"36":3,"37":3,"38":1,"39":1,"40":2,"41":1,"42":2,"43":1,"44":1},"f":{"0":6,"1":0,"2":3,"3":2,"4":0,"5":4,"6":3,"7":24,"8":4,"9":3,"10":2},"b":{"0":[0],"1":[0,0],"2":[0],"3":[0],"4":[0,0],"5":[1],"6":[1],"7":[1],"8":[0],"9":[4,0],"10":[1],"11":[1]}}
,"C:\\Users\\abrah\\OneDrive\\Documentos\\GitHub\\RIOJAMAP\\server\\src\\services\\import\\NameNormalizationService.ts": {"path":"C:\\Users\\abrah\\OneDrive\\Documentos\\GitHub\\RIOJAMAP\\server\\src\\services\\import\\NameNormalizationService.ts","statementMap":{"0":{"start":{"line":25,"column":4},"end":{"line":25,"column":26}},"1":{"start":{"line":25,"column":16},"end":{"line":25,"column":26}},"2":{"start":{"line":27,"column":4},"end":{"line":37,"column":14}},"3":{"start":{"line":51,"column":4},"end":{"line":51,"column":31}},"4":{"start":{"line":51,"column":18},"end":{"line":51,"column":31}},"5":{"start":{"line":52,"column":4},"end":{"line":52,"column":51}},"6":{"start":{"line":19,"column":0},"end":{"line":19,"column":13}}},"fnMap":{"0":{"name":"(anonymous_0)","decl":{"start":{"line":24,"column":2},"end":{"line":24,"column":11}},"loc":{"start":{"line":24,"column":44},"end":{"line":38,"column":3}}},"1":{"name":"(anonymous_1)","decl":{"start":{"line":50,"column":2},"end":{"line":50,"column":9}},"loc":{"start":{"line":50,"column":68},"end":{"line":53,"column":3}}}},"branchMap":{"0":{"loc":{"start":{"line":25,"column":4},"end":{"line":25,"column":26}},"type":"if","locations":[{"start":{"line":25,"column":4},"end":{"line":25,"column":26}}]},"1":{"loc":{"start":{"line":51,"column":4},"end":{"line":51,"column":31}},"type":"if","locations":[{"start":{"line":51,"column":4},"end":{"line":51,"column":31}}]},"2":{"loc":{"start":{"line":51,"column":8},"end":{"line":51,"column":16}},"type":"binary-expr","locations":[{"start":{"line":51,"column":8},"end":{"line":51,"column":10}},{"start":{"line":51,"column":14},"end":{"line":51,"column":16}}]}},"s":{"0":5,"1":0,"2":5,"3":4,"4":2,"5":2,"6":2},"f":{"0":5,"1":4},"b":{"0":[0],"1":[2],"2":[4,2]}}
,"C:\\Users\\abrah\\OneDrive\\Documentos\\GitHub\\RIOJAMAP\\server\\src\\services\\import\\VersioningService.ts": {"path":"C:\\Users\\abrah\\OneDrive\\Documentos\\GitHub\\RIOJAMAP\\server\\src\\services\\import\\VersioningService.ts","statementMap":{"0":{"start":{"line":20,"column":31},"end":{"line":20,"column":51}},"1":{"start":{"line":35,"column":43},"end":{"line":35,"column":57}},"2":{"start":{"line":36,"column":4},"end":{"line":38,"column":5}},"3":{"start":{"line":37,"column":6},"end":{"line":37,"column":33}},"4":{"start":{"line":40,"column":16},"end":{"line":44,"column":6}},"5":{"start":{"line":46,"column":4},"end":{"line":46,"column":29}},"6":{"start":{"line":62,"column":23},"end":{"line":62,"column":43}},"7":{"start":{"line":63,"column":4},"end":{"line":63,"column":36}},"8":{"start":{"line":65,"column":21},"end":{"line":65,"column":41}},"9":{"start":{"line":66,"column":4},"end":{"line":66,"column":39}},"10":{"start":{"line":68,"column":43},"end":{"line":71,"column":6}},"11":{"start":{"line":72,"column":4},"end":{"line":74,"column":5}},"12":{"start":{"line":73,"column":6},"end":{"line":73,"column":33}},"13":{"start":{"line":76,"column":21},"end":{"line":76,"column":79}},"14":{"start":{"line":77,"column":4},"end":{"line":77,"column":29}},"15":{"start":{"line":97,"column":19},"end":{"line":104,"column":6}},"16":{"start":{"line":105,"column":4},"end":{"line":105,"column":54}},"17":{"start":{"line":124,"column":83},"end":{"line":124,"column":90}},"18":{"start":{"line":126,"column":19},"end":{"line":139,"column":6}},"19":{"start":{"line":140,"column":4},"end":{"line":140,"column":54}},"20":{"start":{"line":157,"column":4},"end":{"line":165,"column":6}},"21":{"start":{"line":19,"column":0},"end":{"line":19,"column":13}}},"fnMap":{"0":{"name":"(anonymous_0)","decl":{"start":{"line":20,"column":2},"end":{"line":20,"column":31}},"loc":{"start":{"line":20,"column":51},"end":{"line":20,"column":55}}},"1":{"name":"(anonymous_1)","decl":{"start":{"line":30,"column":2},"end":{"line":30,"column":7}},"loc":{"start":{"line":33,"column":21},"end":{"line":47,"column":3}}},"2":{"name":"(anonymous_2)","decl":{"start":{"line":56,"column":2},"end":{"line":56,"column":7}},"loc":{"start":{"line":60,"column":20},"end":{"line":78,"column":3}}},"3":{"name":"(anonymous_3)","decl":{"start":{"line":91,"column":2},"end":{"line":91,"column":7}},"loc":{"start":{"line":95,"column":24},"end":{"line":106,"column":3}}},"4":{"name":"(anonymous_4)","decl":{"start":{"line":118,"column":2},"end":{"line":118,"column":7}},"loc":{"start":{"line":121,"column":36},"end":{"line":141,"column":3}}},"5":{"name":"(anonymous_5)","decl":{"start":{"line":148,"column":2},"end":{"line":148,"column":13}},"loc":{"start":{"line":155,"column":19},"end":{"line":166,"column":3}}}},"branchMap":{"0":{"loc":{"start":{"line":36,"column":4},"end":{"line":38,"column":5}},"type":"if","locations":[{"start":{"line":36,"column":4},"end":{"line":38,"column":5}}]},"1":{"loc":{"start":{"line":46,"column":11},"end":{"line":46,"column":28}},"type":"binary-expr","locations":[{"start":{"line":46,"column":11},"end":{"line":46,"column":23}},{"start":{"line":46,"column":27},"end":{"line":46,"column":28}}]},"2":{"loc":{"start":{"line":72,"column":4},"end":{"line":74,"column":5}},"type":"if","locations":[{"start":{"line":72,"column":4},"end":{"line":74,"column":5}}]},"3":{"loc":{"start":{"line":136,"column":23},"end":{"line":136,"column":64}},"type":"binary-expr","locations":[{"start":{"line":136,"column":23},"end":{"line":136,"column":44}},{"start":{"line":136,"column":48},"end":{"line":136,"column":64}}]}},"s":{"0":3,"1":3,"2":3,"3":1,"4":3,"5":3,"6":0,"7":0,"8":0,"9":0,"10":0,"11":0,"12":0,"13":0,"14":0,"15":0,"16":0,"17":0,"18":0,"19":0,"20":0,"21":1},"f":{"0":3,"1":3,"2":0,"3":0,"4":0,"5":0},"b":{"0":[1],"1":[3,2],"2":[0],"3":[0,0]}}
}
