TN:
SF:src\services\import\ImportExcelService.ts
FN:57,(anonymous_1)
FN:78,(anonymous_2)
FN:90,(anonymous_3)
FN:95,(anonymous_4)
FN:100,(anonymous_5)
FN:115,(anonymous_6)
FN:120,(anonymous_7)
FN:126,(anonymous_8)
FN:182,(anonymous_9)
FN:221,(anonymous_10)
FN:406,(anonymous_11)
FNF:11
FNH:8
FNDA:3,(anonymous_1)
FNDA:3,(anonymous_2)
FNDA:4,(anonymous_3)
FNDA:19,(anonymous_4)
FNDA:19,(anonymous_5)
FNDA:4,(anonymous_6)
FNDA:16,(anonymous_7)
FNDA:3,(anonymous_8)
FNDA:0,(anonymous_9)
FNDA:0,(anonymous_10)
FNDA:0,(anonymous_11)
DA:28,1
DA:37,1
DA:51,1
DA:54,1
DA:56,1
DA:58,3
DA:59,3
DA:60,3
DA:61,3
DA:62,3
DA:79,3
DA:81,3
DA:83,3
DA:84,3
DA:87,3
DA:88,3
DA:90,3
DA:91,4
DA:94,3
DA:95,19
DA:97,3
DA:98,3
DA:100,3
DA:101,19
DA:102,19
DA:103,19
DA:104,16
DA:110,3
DA:113,3
DA:115,3
DA:116,4
DA:118,1
DA:120,1
DA:121,16
DA:122,16
DA:126,1
DA:127,3
DA:128,3
DA:129,3
DA:133,1
DA:134,1
DA:135,8
DA:138,1
DA:139,1
DA:140,1
DA:141,1
DA:142,1
DA:145,1
DA:148,1
DA:149,1
DA:150,1
DA:153,1
DA:166,3
DA:187,0
DA:189,0
DA:204,0
DA:205,0
DA:207,0
DA:208,0
DA:212,0
DA:227,0
DA:230,0
DA:231,0
DA:233,0
DA:236,0
DA:238,0
DA:243,0
DA:252,0
DA:253,0
DA:255,0
DA:257,0
DA:258,0
DA:265,0
DA:266,0
DA:267,0
DA:271,0
DA:276,0
DA:282,0
DA:291,0
DA:292,0
DA:295,0
DA:300,0
DA:301,0
DA:302,0
DA:304,0
DA:311,0
DA:312,0
DA:313,0
DA:317,0
DA:322,0
DA:328,0
DA:337,0
DA:338,0
DA:341,0
DA:346,0
DA:347,0
DA:348,0
DA:351,0
DA:357,0
DA:358,0
DA:359,0
DA:364,0
DA:382,0
DA:383,0
DA:386,0
DA:407,0
LF:106
LH:53
BRDA:84,0,0,0
BRDA:91,1,0,1
BRDA:95,2,0,19
BRDA:95,2,1,19
BRDA:95,2,2,19
BRDA:97,3,0,3
BRDA:101,4,0,0
BRDA:103,5,0,16
BRDA:110,6,0,0
BRDA:116,7,0,3
BRDA:122,8,0,16
BRDA:122,8,1,0
BRDA:127,9,0,0
BRDA:127,10,0,3
BRDA:127,10,1,3
BRDA:129,11,0,0
BRDA:129,11,1,3
BRDA:145,12,0,0
BRDA:145,13,0,1
BRDA:145,13,1,0
BRDA:148,14,0,1
BRDA:149,15,0,0
BRDA:149,15,1,1
BRDA:150,16,0,1
BRDA:154,17,0,1
BRDA:154,17,1,0
BRDA:155,18,0,1
BRDA:155,18,1,0
BRDA:156,19,0,1
BRDA:156,19,1,0
BRDA:157,20,0,1
BRDA:157,20,1,0
BRDA:233,21,0,0
BRDA:233,21,1,0
BRDA:233,21,2,0
BRDA:233,21,3,0
BRDA:233,21,4,0
BRDA:236,22,0,0
BRDA:236,22,1,0
BRDA:236,23,0,0
BRDA:236,23,1,0
BRDA:255,24,0,0
BRDA:255,25,0,0
BRDA:255,25,1,0
BRDA:255,25,2,0
BRDA:257,26,0,0
BRDA:257,26,1,0
BRDA:265,27,0,0
BRDA:265,27,1,0
BRDA:274,28,0,0
BRDA:274,28,1,0
BRDA:300,29,0,0
BRDA:300,30,0,0
BRDA:300,30,1,0
BRDA:301,31,0,0
BRDA:301,31,1,0
BRDA:302,32,0,0
BRDA:302,32,1,0
BRDA:311,33,0,0
BRDA:311,33,1,0
BRDA:320,34,0,0
BRDA:320,34,1,0
BRDA:349,35,0,0
BRDA:349,35,1,0
BRDA:349,36,0,0
BRDA:349,36,1,0
BRDA:372,37,0,0
BRDA:372,37,1,0
BRDA:373,38,0,0
BRDA:373,38,1,0
BRDA:382,39,0,0
BRDA:382,39,1,0
BRDA:382,40,0,0
BRDA:382,40,1,0
BRDA:409,41,0,0
BRDA:409,41,1,0
BRDA:410,42,0,0
BRDA:410,42,1,0
BRDA:411,43,0,0
BRDA:411,43,1,0
BRF:80
BRH:19
end_of_record
TN:
SF:src\services\import\MatchingService.ts
FN:43,(anonymous_0)
FN:52,(anonymous_1)
FN:73,(anonymous_2)
FN:93,(anonymous_3)
FN:116,(anonymous_4)
FN:128,(anonymous_5)
FN:157,(anonymous_6)
FN:160,(anonymous_7)
FN:167,(anonymous_8)
FN:168,(anonymous_9)
FN:188,(anonymous_10)
FNF:11
FNH:9
FNDA:6,(anonymous_0)
FNDA:0,(anonymous_1)
FNDA:3,(anonymous_2)
FNDA:2,(anonymous_3)
FNDA:0,(anonymous_4)
FNDA:4,(anonymous_5)
FNDA:3,(anonymous_6)
FNDA:24,(anonymous_7)
FNDA:4,(anonymous_8)
FNDA:3,(anonymous_9)
FNDA:2,(anonymous_10)
DA:33,1
DA:42,1
DA:44,6
DA:45,6
DA:54,0
DA:55,0
DA:56,0
DA:60,0
DA:61,0
DA:64,0
DA:75,3
DA:80,3
DA:81,1
DA:82,1
DA:89,2
DA:90,1
DA:93,2
DA:98,1
DA:103,1
DA:104,1
DA:105,1
DA:112,0
DA:113,0
DA:116,0
DA:121,0
DA:132,4
DA:134,4
DA:136,26
DA:145,26
DA:146,4
DA:150,4
DA:159,3
DA:162,24
DA:166,24
DA:167,4
DA:168,3
DA:172,3
DA:174,3
DA:175,1
DA:176,1
DA:184,2
DA:185,1
DA:188,2
DA:192,1
LF:44
LH:34
BRDA:54,0,0,0
BRDA:54,1,0,0
BRDA:54,1,1,0
BRDA:56,2,0,0
BRDA:60,3,0,0
BRDA:60,4,0,0
BRDA:60,4,1,0
BRDA:80,5,0,1
BRDA:89,6,0,1
BRDA:103,7,0,1
BRDA:112,8,0,0
BRDA:167,9,0,4
BRDA:167,9,1,0
BRDA:174,10,0,1
BRDA:184,11,0,1
BRF:15
BRH:6
end_of_record
TN:
SF:src\services\import\NameNormalizationService.ts
FN:24,(anonymous_0)
FN:50,(anonymous_1)
FNF:2
FNH:2
FNDA:5,(anonymous_0)
FNDA:4,(anonymous_1)
DA:19,2
DA:25,5
DA:27,5
DA:51,4
DA:52,2
LF:5
LH:5
BRDA:25,0,0,0
BRDA:51,1,0,2
BRDA:51,2,0,4
BRDA:51,2,1,2
BRF:4
BRH:3
end_of_record
TN:
SF:src\services\import\VersioningService.ts
FN:20,(anonymous_0)
FN:30,(anonymous_1)
FN:56,(anonymous_2)
FN:91,(anonymous_3)
FN:118,(anonymous_4)
FN:148,(anonymous_5)
FNF:6
FNH:2
FNDA:3,(anonymous_0)
FNDA:3,(anonymous_1)
FNDA:0,(anonymous_2)
FNDA:0,(anonymous_3)
FNDA:0,(anonymous_4)
FNDA:0,(anonymous_5)
DA:19,1
DA:20,3
DA:35,3
DA:36,3
DA:37,1
DA:40,3
DA:46,3
DA:62,0
DA:63,0
DA:65,0
DA:66,0
DA:68,0
DA:72,0
DA:73,0
DA:76,0
DA:77,0
DA:97,0
DA:105,0
DA:124,0
DA:126,0
DA:140,0
DA:157,0
LF:22
LH:7
BRDA:36,0,0,1
BRDA:46,1,0,3
BRDA:46,1,1,2
BRDA:72,2,0,0
BRDA:136,3,0,0
BRDA:136,3,1,0
BRF:6
BRH:3
end_of_record
